DEPRECATION WARNING: Use toplevel init.rb; rails/init.rb is deprecated: /Users/synthmax/Dropbox/marselistvaervej4/vendor/plugins/paperclip/rails/init.rb. (called from <top (required)> at /Users/synthmax/Dropbox/marselistvaervej4/config/environment.rb:5)


Started GET "/" for 127.0.0.1 at 2012-06-12 23:02:45 +0200
  Processing by HomeController#index as HTML
  [1m[36mInfoPage Load (53.0ms)[0m  [1mSELECT `info_pages`.* FROM `info_pages`[0m
  [1m[35mSQL (157.8ms)[0m  SHOW TABLES
  [1m[36mNewspost Load (13.3ms)[0m  [1mSELECT `newsposts`.* FROM `newsposts` WHERE `newsposts`.`internal_letter` = 0 ORDER BY created_at desc LIMIT 3 OFFSET 0[0m
  [1m[35mSQL (0.5ms)[0m  SELECT COUNT(*) FROM `newsposts` WHERE `newsposts`.`internal_letter` = 0
  [1m[36mGallery Load (0.7ms)[0m  [1mSELECT `galleries`.* FROM `galleries` WHERE `galleries`.`identity` = 'marselistvaervej ' LIMIT 1[0m
  [1m[35mPage Load (0.5ms)[0m  SELECT `pages`.* FROM `pages` WHERE `pages`.`identity` = 'welcome_dk ' LIMIT 1
Rendered shared/_menu.html.slim (2.2ms)
Rendered shared/_news.html.slim (61.9ms)
Rendered shared/_google.html.erb (0.3ms)
DEPRECATION WARNING: RAILS_ENV is deprecated. Please use ::Rails.env. (called from _app_views_layouts_application_html_slim__3044800722592068725_70338232430020__277930840873306603 at /Users/synthmax/Dropbox/marselistvaervej4/app/views/layouts/application.html.slim:25)
Rendered home/index.html.slim within layouts/application (209.4ms)
Completed 200 OK in 871ms (Views: 253.9ms | ActiveRecord: 225.7ms | Sphinx: 0.0ms)


Started GET "/users/sign_in?locale=dk" for 127.0.0.1 at 2012-06-12 23:02:54 +0200
  Processing by Devise::SessionsController#new as HTML
  Parameters: {"locale"=>"dk"}
  [1m[36mInfoPage Load (0.4ms)[0m  [1mSELECT `info_pages`.* FROM `info_pages`[0m
Rendered shared/_menu.html.slim (2.0ms)
Rendered devise/shared/_links.erb (1.0ms)
Rendered shared/_google.html.erb (0.2ms)
Rendered devise/sessions/new.html.slim within layouts/application (17.7ms)
Completed 200 OK in 117ms (Views: 22.4ms | ActiveRecord: 0.4ms | Sphinx: 0.0ms)


Started POST "/users/sign_in?locale=dk" for 127.0.0.1 at 2012-06-12 23:02:56 +0200
  Processing by Devise::SessionsController#create as HTML
  Parameters: {"utf8"=>"✓", "authenticity_token"=>"QL5SwJMXmpJOwMf9GVVqq+FI7o8En6ollE3Pj9Qua7Y=", "user"=>{"email"=>"max@synthmax.dk", "password"=>"[FILTERED]", "remember_me"=>"0"}, "commit"=>"Login", "locale"=>"dk"}
  [1m[35mInfoPage Load (0.4ms)[0m  SELECT `info_pages`.* FROM `info_pages`
  [1m[36mUser Load (0.5ms)[0m  [1mSELECT `users`.* FROM `users` WHERE `users`.`email` = 'max@synthmax.dk' LIMIT 1[0m
  [1m[35mSQL (0.3ms)[0m  BEGIN
  [1m[36mAREL (0.4ms)[0m  [1mUPDATE `users` SET `last_sign_in_at` = '2011-12-02 08:35:00', `current_sign_in_at` = '2012-06-12 21:02:57', `sign_in_count` = 106, `updated_at` = '2012-06-12 21:02:57' WHERE `users`.`id` = 1[0m
[paperclip] Saving attachments.
  [1m[35mSQL (0.7ms)[0m  COMMIT
  [1m[36mMeetingroom Load (55.7ms)[0m  [1mSELECT `meetingrooms`.* FROM `meetingrooms` LIMIT 1[0m
Redirected to http://localhost:3000/meetingrooms/5/bookings/new?locale=dk
Completed 302 Found in 260ms


Started GET "/meetingrooms/5/bookings/new?locale=dk" for 127.0.0.1 at 2012-06-12 23:02:57 +0200
  Processing by BookingsController#new as HTML
  Parameters: {"locale"=>"dk", "meetingroom_id"=>"5"}
  [1m[35mInfoPage Load (0.4ms)[0m  SELECT `info_pages`.* FROM `info_pages`
  [1m[36mMeetingroom Load (0.4ms)[0m  [1mSELECT `meetingrooms`.* FROM `meetingrooms` WHERE `meetingrooms`.`id` = 5 LIMIT 1[0m
  [1m[35mUser Load (0.3ms)[0m  SELECT `users`.* FROM `users` WHERE `users`.`id` = 1 LIMIT 1
  [1m[36mNewspost Load (0.5ms)[0m  [1mSELECT `newsposts`.* FROM `newsposts` WHERE `newsposts`.`internal_letter` = 1 ORDER BY created_at desc LIMIT 3 OFFSET 0[0m
Rendered shared/_menu.html.slim (2.0ms)
  [1m[35mMeetingroom Load (0.5ms)[0m  SELECT `meetingrooms`.* FROM `meetingrooms` ORDER BY title DESC
  [1m[36mUser Load (0.6ms)[0m  [1mSELECT `users`.* FROM `users` ORDER BY name DESC[0m
  [1m[35mMeetingroom Load (0.4ms)[0m  SELECT `meetingrooms`.* FROM `meetingrooms`
Rendered bookings/_form.html.slim (19.4ms)
Rendered shared/_news.html.slim (11.5ms)
Rendered shared/_google.html.erb (0.2ms)
  [1m[36mMeetingroom Load (0.4ms)[0m  [1mSELECT `meetingrooms`.* FROM `meetingrooms` LIMIT 1[0m
  [1m[35mCACHE (0.0ms)[0m  SELECT `info_pages`.* FROM `info_pages`
Rendered bookings/new.html.slim within layouts/application (66.1ms)
Completed 200 OK in 266ms (Views: 92.1ms | ActiveRecord: 61.6ms | Sphinx: 0.0ms)


Started GET "/da/bookings?_=1339534977862&start=1339365600&end=1339970400" for 127.0.0.1 at 2012-06-12 23:02:57 +0200
  Processing by BookingsController#index as JSON
  Parameters: {"_"=>"1339534977862", "start"=>"1339365600", "end"=>"1339970400", "locale"=>"da"}
  [1m[36mInfoPage Load (0.5ms)[0m  [1mSELECT `info_pages`.* FROM `info_pages`[0m
  [1m[35mUser Load (0.3ms)[0m  SELECT `users`.* FROM `users` WHERE `users`.`id` = 1 LIMIT 1
  [1m[36mNewspost Load (0.4ms)[0m  [1mSELECT `newsposts`.* FROM `newsposts` WHERE `newsposts`.`internal_letter` = 1 ORDER BY created_at desc LIMIT 3 OFFSET 0[0m
  [1m[35mMeetingroom Load (0.2ms)[0m  SELECT `meetingrooms`.* FROM `meetingrooms` LIMIT 1
  [1m[36mBooking Load (0.3ms)[0m  [1mSELECT `bookings`.* FROM `bookings` WHERE (booking_date > '2012-06-10 00:00:00') AND (booking_date < '2012-06-18 23:59:59')[0m
Completed 200 OK in 120ms (Views: 4.2ms | ActiveRecord: 1.6ms | Sphinx: 0.0ms)


Started GET "/dk/admin" for 127.0.0.1 at 2012-06-12 23:03:03 +0200
  Processing by AdminController#index as HTML
  Parameters: {"locale"=>"dk"}
  [1m[35mInfoPage Load (0.5ms)[0m  SELECT `info_pages`.* FROM `info_pages`
  [1m[36mNewspost Load (0.5ms)[0m  [1mSELECT `newsposts`.* FROM `newsposts` WHERE `newsposts`.`internal_letter` = 1 ORDER BY created_at desc LIMIT 3 OFFSET 0[0m
  [1m[35mUser Load (0.3ms)[0m  SELECT `users`.* FROM `users` WHERE `users`.`id` = 1 LIMIT 1
Rendered shared/_menu.html.slim (32.7ms)
  [1m[36mUser Load (0.3ms)[0m  [1mSELECT `users`.* FROM `users`[0m
Rendered shared/_news.html.slim (50.7ms)
Rendered shared/_google.html.erb (0.2ms)
  [1m[35mMeetingroom Load (0.4ms)[0m  SELECT `meetingrooms`.* FROM `meetingrooms` LIMIT 1
  [1m[36mCACHE (0.0ms)[0m  [1mSELECT `info_pages`.* FROM `info_pages`[0m
Rendered admin/index.html.slim within layouts/application (125.5ms)
Completed 200 OK in 144ms (Views: 128.5ms | ActiveRecord: 1.9ms | Sphinx: 0.0ms)


Started GET "/dk/users" for 127.0.0.1 at 2012-06-12 23:03:07 +0200
  Processing by UsersController#index as HTML
  Parameters: {"locale"=>"dk"}
  [1m[35mInfoPage Load (0.5ms)[0m  SELECT `info_pages`.* FROM `info_pages`
  [1m[36mUser Load (0.3ms)[0m  [1mSELECT `users`.* FROM `users` WHERE `users`.`id` = 1 LIMIT 1[0m
  [1m[35mNewspost Load (0.4ms)[0m  SELECT `newsposts`.* FROM `newsposts` WHERE `newsposts`.`internal_letter` = 1 ORDER BY created_at desc LIMIT 3 OFFSET 0
  [1m[36mUser Load (0.5ms)[0m  [1mSELECT `users`.* FROM `users` ORDER BY name asc LIMIT 30 OFFSET 0[0m
  [1m[35mCompany Load (0.4ms)[0m  SELECT `companies`.* FROM `companies` WHERE `companies`.`id` = 1 LIMIT 1
  [1m[36mCompany Load (0.4ms)[0m  [1mSELECT `companies`.* FROM `companies` WHERE `companies`.`id` = 2 LIMIT 1[0m
  [1m[35mUser Load (0.5ms)[0m  SELECT `users`.* FROM `users`
Rendered shared/_google.html.erb (0.2ms)
  [1m[36mMeetingroom Load (0.4ms)[0m  [1mSELECT `meetingrooms`.* FROM `meetingrooms` LIMIT 1[0m
  [1m[35mCACHE (0.0ms)[0m  SELECT `info_pages`.* FROM `info_pages`
Rendered users/index.html.slim within layouts/application (136.4ms)
Completed 200 OK in 215ms (Views: 148.7ms | ActiveRecord: 3.5ms | Sphinx: 0.0ms)
DEPRECATION WARNING: Use toplevel init.rb; rails/init.rb is deprecated: /Users/synthmax/Dropbox/marselistvaervej4/vendor/plugins/paperclip/rails/init.rb. (called from <top (required)> at /Users/synthmax/Dropbox/marselistvaervej4/config/environment.rb:5)


Started GET "/dk/users" for 127.0.0.1 at 2012-06-12 23:13:25 +0200
  Processing by UsersController#index as HTML
  Parameters: {"locale"=>"dk"}
  [1m[36mInfoPage Load (0.4ms)[0m  [1mSELECT `info_pages`.* FROM `info_pages`[0m
  [1m[35mSQL (0.6ms)[0m  SHOW TABLES
  [1m[36mUser Load (0.3ms)[0m  [1mSELECT `users`.* FROM `users` WHERE `users`.`id` = 1 LIMIT 1[0m
  [1m[35mNewspost Load (0.3ms)[0m  SELECT `newsposts`.* FROM `newsposts` WHERE `newsposts`.`internal_letter` = 1 ORDER BY created_at desc LIMIT 3 OFFSET 0
  [1m[36mUser Load (0.4ms)[0m  [1mSELECT `users`.* FROM `users` ORDER BY name asc LIMIT 40 OFFSET 0[0m
  [1m[35mCompany Load (0.7ms)[0m  SELECT `companies`.* FROM `companies` WHERE `companies`.`id` = 1 LIMIT 1
  [1m[36mCompany Load (0.2ms)[0m  [1mSELECT `companies`.* FROM `companies` WHERE `companies`.`id` = 2 LIMIT 1[0m
  [1m[35mUser Load (0.2ms)[0m  SELECT `users`.* FROM `users`
Rendered shared/_google.html.erb (0.3ms)
DEPRECATION WARNING: RAILS_ENV is deprecated. Please use ::Rails.env. (called from _app_views_layouts_application_html_slim___2782961559287436675_70219866831520__4300676553170561282 at /Users/synthmax/Dropbox/marselistvaervej4/app/views/layouts/application.html.slim:25)
  [1m[36mMeetingroom Load (0.3ms)[0m  [1mSELECT `meetingrooms`.* FROM `meetingrooms` LIMIT 1[0m
  [1m[35mCACHE (0.0ms)[0m  SELECT `info_pages`.* FROM `info_pages`
Rendered users/index.html.slim within layouts/application (133.8ms)
Completed 200 OK in 201ms (Views: 139.3ms | ActiveRecord: 3.3ms | Sphinx: 0.0ms)


Started GET "/assets/avant_garde_gothic.swf?0.1324448361992836" for 127.0.0.1 at 2012-06-12 23:19:11 +0200

ActionController::RoutingError (No route matches "/assets/avant_garde_gothic.swf"):
  

Rendered /Users/synthmax/.rvm/gems/ruby-1.9.2-p290@bootstrap/gems/actionpack-3.0.7/lib/action_dispatch/middleware/templates/rescues/routing_error.erb within rescues/layout (0.7ms)


Started GET "/assets/avant_garde_gothic.swf?0.9550010007806122" for 127.0.0.1 at 2012-06-12 23:19:24 +0200

ActionController::RoutingError (No route matches "/assets/avant_garde_gothic.swf"):
  

Rendered /Users/synthmax/.rvm/gems/ruby-1.9.2-p290@bootstrap/gems/actionpack-3.0.7/lib/action_dispatch/middleware/templates/rescues/routing_error.erb within rescues/layout (0.7ms)


Started GET "/assets/avant_garde_gothic.swf?0.32333536073565483" for 127.0.0.1 at 2012-06-12 23:19:28 +0200

ActionController::RoutingError (No route matches "/assets/avant_garde_gothic.swf"):
  

Rendered /Users/synthmax/.rvm/gems/ruby-1.9.2-p290@bootstrap/gems/actionpack-3.0.7/lib/action_dispatch/middleware/templates/rescues/routing_error.erb within rescues/layout (0.6ms)


Started GET "/dk/admin" for 127.0.0.1 at 2012-06-12 23:21:39 +0200
  Processing by AdminController#index as HTML
  Parameters: {"locale"=>"dk"}
  [1m[36mInfoPage Load (0.4ms)[0m  [1mSELECT `info_pages`.* FROM `info_pages`[0m
  [1m[35mNewspost Load (0.5ms)[0m  SELECT `newsposts`.* FROM `newsposts` WHERE `newsposts`.`internal_letter` = 1 ORDER BY created_at desc LIMIT 3 OFFSET 0
  [1m[36mUser Load (0.2ms)[0m  [1mSELECT `users`.* FROM `users` WHERE `users`.`id` = 1 LIMIT 1[0m
Rendered shared/_menu.html.slim (31.3ms)
  [1m[35mUser Load (0.3ms)[0m  SELECT `users`.* FROM `users`
Rendered shared/_news.html.slim (107.6ms)
Rendered shared/_google.html.erb (0.3ms)
  [1m[36mMeetingroom Load (0.5ms)[0m  [1mSELECT `meetingrooms`.* FROM `meetingrooms` LIMIT 1[0m
  [1m[35mCACHE (0.0ms)[0m  SELECT `info_pages`.* FROM `info_pages`
Rendered admin/index.html.slim within layouts/application (181.4ms)
Completed 200 OK in 234ms (Views: 184.6ms | ActiveRecord: 2.0ms | Sphinx: 0.0ms)


Started GET "/dk/meetingrooms" for 127.0.0.1 at 2012-06-12 23:21:41 +0200
  Processing by MeetingroomsController#index as HTML
  Parameters: {"locale"=>"dk"}
  [1m[36mInfoPage Load (0.4ms)[0m  [1mSELECT `info_pages`.* FROM `info_pages`[0m
  [1m[35mUser Load (0.3ms)[0m  SELECT `users`.* FROM `users` WHERE `users`.`id` = 1 LIMIT 1
  [1m[36mMeetingroom Load (0.3ms)[0m  [1mSELECT `meetingrooms`.* FROM `meetingrooms` LIMIT 1[0m
  [1m[35mNewspost Load (0.5ms)[0m  SELECT `newsposts`.* FROM `newsposts` WHERE `newsposts`.`internal_letter` = 1 ORDER BY created_at desc LIMIT 3 OFFSET 0
Rendered shared/_menu.html.slim (1.9ms)
  [1m[36mMeetingroom Load (0.3ms)[0m  [1mSELECT `meetingrooms`.* FROM `meetingrooms`[0m
Rendered shared/_google.html.erb (0.3ms)
  [1m[35mCACHE (0.0ms)[0m  SELECT `meetingrooms`.* FROM `meetingrooms` LIMIT 1
  [1m[36mCACHE (0.0ms)[0m  [1mSELECT `info_pages`.* FROM `info_pages`[0m
Rendered meetingrooms/index.html.slim within layouts/application (37.2ms)
Completed 200 OK in 193ms (Views: 43.7ms | ActiveRecord: 1.9ms | Sphinx: 0.0ms)


Started GET "/dk/users/1" for 127.0.0.1 at 2012-06-12 23:21:45 +0200
  Processing by UsersController#show as HTML
  Parameters: {"locale"=>"dk", "id"=>"1"}
  [1m[35mInfoPage Load (0.2ms)[0m  SELECT `info_pages`.* FROM `info_pages`
  [1m[36mUser Load (0.4ms)[0m  [1mSELECT `users`.* FROM `users` WHERE `users`.`id` = 1 LIMIT 1[0m
  [1m[35mCACHE (0.0ms)[0m  SELECT `users`.* FROM `users` WHERE `users`.`id` = 1 LIMIT 1
  [1m[36mNewspost Load (0.4ms)[0m  [1mSELECT `newsposts`.* FROM `newsposts` WHERE `newsposts`.`internal_letter` = 1 ORDER BY created_at desc LIMIT 3 OFFSET 0[0m
  [1m[35mBooking Load (0.3ms)[0m  SELECT `bookings`.* FROM `bookings` WHERE `bookings`.`bookers_name` = 'Max Grønlund' ORDER BY booking_date desc LIMIT 8 OFFSET 0
  [1m[36mSQL (0.3ms)[0m  [1mSELECT COUNT(*) FROM `bookings` WHERE `bookings`.`bookers_name` = 'Max Grønlund'[0m
Rendered shared/_menu.html.slim (2.0ms)
  [1m[35mCompany Load (0.2ms)[0m  SELECT `companies`.* FROM `companies` WHERE `companies`.`id` = 2 LIMIT 1
  [1m[36mMeetingroom Load (0.2ms)[0m  [1mSELECT `meetingrooms`.* FROM `meetingrooms` WHERE `meetingrooms`.`id` = 7 LIMIT 1[0m
  [1m[35mCACHE (0.0ms)[0m  SELECT `meetingrooms`.* FROM `meetingrooms` WHERE `meetingrooms`.`id` = 7 LIMIT 1
  [1m[36mCACHE (0.0ms)[0m  [1mSELECT `meetingrooms`.* FROM `meetingrooms` WHERE `meetingrooms`.`id` = 7 LIMIT 1[0m
  [1m[35mCACHE (0.0ms)[0m  SELECT `meetingrooms`.* FROM `meetingrooms` WHERE `meetingrooms`.`id` = 7 LIMIT 1
  [1m[36mCACHE (0.0ms)[0m  [1mSELECT `meetingrooms`.* FROM `meetingrooms` WHERE `meetingrooms`.`id` = 7 LIMIT 1[0m
  [1m[35mCACHE (0.0ms)[0m  SELECT `meetingrooms`.* FROM `meetingrooms` WHERE `meetingrooms`.`id` = 7 LIMIT 1
  [1m[36mCACHE (0.0ms)[0m  [1mSELECT `meetingrooms`.* FROM `meetingrooms` WHERE `meetingrooms`.`id` = 7 LIMIT 1[0m
  [1m[35mMeetingroom Load (0.5ms)[0m  SELECT `meetingrooms`.* FROM `meetingrooms` WHERE `meetingrooms`.`id` = 6 LIMIT 1
  [1m[36mMeetingroom Load (0.3ms)[0m  [1mSELECT `meetingrooms`.* FROM `meetingrooms` LIMIT 1[0m
Rendered shared/_news.html.slim (45.3ms)
Rendered shared/_google.html.erb (0.3ms)
  [1m[35mCACHE (0.0ms)[0m  SELECT `meetingrooms`.* FROM `meetingrooms` LIMIT 1
  [1m[36mCACHE (0.0ms)[0m  [1mSELECT `info_pages`.* FROM `info_pages`[0m
Rendered users/show.html.slim within layouts/application (166.2ms)
Completed 200 OK in 310ms (Views: 197.7ms | ActiveRecord: 2.7ms | Sphinx: 0.0ms)


Started GET "/meetingrooms/5/bookings/new?locale=dk" for 127.0.0.1 at 2012-06-12 23:21:54 +0200
  Processing by BookingsController#new as HTML
  Parameters: {"locale"=>"dk", "meetingroom_id"=>"5"}
  [1m[35mInfoPage Load (0.5ms)[0m  SELECT `info_pages`.* FROM `info_pages`
  [1m[36mMeetingroom Load (0.5ms)[0m  [1mSELECT `meetingrooms`.* FROM `meetingrooms` WHERE `meetingrooms`.`id` = 5 LIMIT 1[0m
  [1m[35mUser Load (0.3ms)[0m  SELECT `users`.* FROM `users` WHERE `users`.`id` = 1 LIMIT 1
  [1m[36mNewspost Load (0.5ms)[0m  [1mSELECT `newsposts`.* FROM `newsposts` WHERE `newsposts`.`internal_letter` = 1 ORDER BY created_at desc LIMIT 3 OFFSET 0[0m
Rendered shared/_menu.html.slim (2.0ms)
  [1m[35mMeetingroom Load (0.5ms)[0m  SELECT `meetingrooms`.* FROM `meetingrooms` ORDER BY title DESC
  [1m[36mUser Load (0.5ms)[0m  [1mSELECT `users`.* FROM `users` ORDER BY name DESC[0m
  [1m[35mMeetingroom Load (0.4ms)[0m  SELECT `meetingrooms`.* FROM `meetingrooms`
Rendered bookings/_form.html.slim (19.0ms)
Rendered shared/_news.html.slim (11.8ms)
Rendered shared/_google.html.erb (0.2ms)
  [1m[36mMeetingroom Load (0.3ms)[0m  [1mSELECT `meetingrooms`.* FROM `meetingrooms` LIMIT 1[0m
  [1m[35mCACHE (0.0ms)[0m  SELECT `info_pages`.* FROM `info_pages`
Rendered bookings/new.html.slim within layouts/application (52.8ms)
Completed 200 OK in 220ms (Views: 57.0ms | ActiveRecord: 3.5ms | Sphinx: 0.0ms)


Started GET "/da/bookings?_=1339536114500&start=1339365600&end=1339970400" for 127.0.0.1 at 2012-06-12 23:21:54 +0200
  Processing by BookingsController#index as JSON
  Parameters: {"_"=>"1339536114500", "start"=>"1339365600", "end"=>"1339970400", "locale"=>"da"}
  [1m[36mInfoPage Load (0.5ms)[0m  [1mSELECT `info_pages`.* FROM `info_pages`[0m
  [1m[35mUser Load (0.2ms)[0m  SELECT `users`.* FROM `users` WHERE `users`.`id` = 1 LIMIT 1
  [1m[36mNewspost Load (0.3ms)[0m  [1mSELECT `newsposts`.* FROM `newsposts` WHERE `newsposts`.`internal_letter` = 1 ORDER BY created_at desc LIMIT 3 OFFSET 0[0m
  [1m[35mMeetingroom Load (0.2ms)[0m  SELECT `meetingrooms`.* FROM `meetingrooms` LIMIT 1
  [1m[36mBooking Load (0.5ms)[0m  [1mSELECT `bookings`.* FROM `bookings` WHERE (booking_date > '2012-06-10 00:00:00') AND (booking_date < '2012-06-18 23:59:59')[0m
Completed 200 OK in 117ms (Views: 4.1ms | ActiveRecord: 1.7ms | Sphinx: 0.0ms)


Started GET "/meetingrooms/5/bookings/new?locale=dk" for 127.0.0.1 at 2012-06-12 23:22:19 +0200
  Processing by BookingsController#new as HTML
  Parameters: {"locale"=>"dk", "meetingroom_id"=>"5"}
  [1m[35mInfoPage Load (0.5ms)[0m  SELECT `info_pages`.* FROM `info_pages`
  [1m[36mMeetingroom Load (0.4ms)[0m  [1mSELECT `meetingrooms`.* FROM `meetingrooms` WHERE `meetingrooms`.`id` = 5 LIMIT 1[0m
  [1m[35mUser Load (0.3ms)[0m  SELECT `users`.* FROM `users` WHERE `users`.`id` = 1 LIMIT 1
  [1m[36mNewspost Load (0.5ms)[0m  [1mSELECT `newsposts`.* FROM `newsposts` WHERE `newsposts`.`internal_letter` = 1 ORDER BY created_at desc LIMIT 3 OFFSET 0[0m
Rendered shared/_menu.html.slim (2.0ms)
  [1m[35mMeetingroom Load (0.4ms)[0m  SELECT `meetingrooms`.* FROM `meetingrooms` ORDER BY title DESC
  [1m[36mUser Load (0.3ms)[0m  [1mSELECT `users`.* FROM `users` ORDER BY name DESC[0m
  [1m[35mMeetingroom Load (0.4ms)[0m  SELECT `meetingrooms`.* FROM `meetingrooms`
Rendered bookings/_form.html.slim (18.6ms)
Rendered shared/_news.html.slim (11.8ms)
Rendered shared/_google.html.erb (0.2ms)
  [1m[36mMeetingroom Load (0.5ms)[0m  [1mSELECT `meetingrooms`.* FROM `meetingrooms` LIMIT 1[0m
  [1m[35mCACHE (0.0ms)[0m  SELECT `info_pages`.* FROM `info_pages`
Rendered bookings/new.html.slim within layouts/application (52.6ms)
Completed 200 OK in 222ms (Views: 56.7ms | ActiveRecord: 3.4ms | Sphinx: 0.0ms)


Started GET "/da/bookings?_=1339536139550&start=1339365600&end=1339970400" for 127.0.0.1 at 2012-06-12 23:22:19 +0200
  Processing by BookingsController#index as JSON
  Parameters: {"_"=>"1339536139550", "start"=>"1339365600", "end"=>"1339970400", "locale"=>"da"}
  [1m[36mInfoPage Load (0.4ms)[0m  [1mSELECT `info_pages`.* FROM `info_pages`[0m
  [1m[35mUser Load (0.4ms)[0m  SELECT `users`.* FROM `users` WHERE `users`.`id` = 1 LIMIT 1
  [1m[36mNewspost Load (0.3ms)[0m  [1mSELECT `newsposts`.* FROM `newsposts` WHERE `newsposts`.`internal_letter` = 1 ORDER BY created_at desc LIMIT 3 OFFSET 0[0m
  [1m[35mMeetingroom Load (0.4ms)[0m  SELECT `meetingrooms`.* FROM `meetingrooms` LIMIT 1
  [1m[36mBooking Load (0.5ms)[0m  [1mSELECT `bookings`.* FROM `bookings` WHERE (booking_date > '2012-06-10 00:00:00') AND (booking_date < '2012-06-18 23:59:59')[0m
Completed 200 OK in 116ms (Views: 3.9ms | ActiveRecord: 2.0ms | Sphinx: 0.0ms)


Started GET "/dk/admin" for 127.0.0.1 at 2012-06-12 23:22:21 +0200
  Processing by AdminController#index as HTML
  Parameters: {"locale"=>"dk"}
  [1m[35mInfoPage Load (0.5ms)[0m  SELECT `info_pages`.* FROM `info_pages`
  [1m[36mNewspost Load (0.2ms)[0m  [1mSELECT `newsposts`.* FROM `newsposts` WHERE `newsposts`.`internal_letter` = 1 ORDER BY created_at desc LIMIT 3 OFFSET 0[0m
  [1m[35mUser Load (0.4ms)[0m  SELECT `users`.* FROM `users` WHERE `users`.`id` = 1 LIMIT 1
Rendered shared/_menu.html.slim (33.9ms)
  [1m[36mUser Load (0.3ms)[0m  [1mSELECT `users`.* FROM `users`[0m
Rendered shared/_news.html.slim (15.3ms)
Rendered shared/_google.html.erb (0.2ms)
  [1m[35mMeetingroom Load (0.5ms)[0m  SELECT `meetingrooms`.* FROM `meetingrooms` LIMIT 1
  [1m[36mCACHE (0.0ms)[0m  [1mSELECT `info_pages`.* FROM `info_pages`[0m
Rendered admin/index.html.slim within layouts/application (166.5ms)
Completed 200 OK in 185ms (Views: 169.2ms | ActiveRecord: 1.9ms | Sphinx: 0.0ms)


Started GET "/dk/users" for 127.0.0.1 at 2012-06-12 23:22:23 +0200
  Processing by UsersController#index as HTML
  Parameters: {"locale"=>"dk"}
  [1m[35mInfoPage Load (0.3ms)[0m  SELECT `info_pages`.* FROM `info_pages`
  [1m[36mUser Load (0.4ms)[0m  [1mSELECT `users`.* FROM `users` WHERE `users`.`id` = 1 LIMIT 1[0m
  [1m[35mNewspost Load (0.3ms)[0m  SELECT `newsposts`.* FROM `newsposts` WHERE `newsposts`.`internal_letter` = 1 ORDER BY created_at desc LIMIT 3 OFFSET 0
  [1m[36mUser Load (0.5ms)[0m  [1mSELECT `users`.* FROM `users` ORDER BY name asc LIMIT 40 OFFSET 0[0m
  [1m[35mCompany Load (0.3ms)[0m  SELECT `companies`.* FROM `companies` WHERE `companies`.`id` = 1 LIMIT 1
  [1m[36mCompany Load (0.4ms)[0m  [1mSELECT `companies`.* FROM `companies` WHERE `companies`.`id` = 2 LIMIT 1[0m
  [1m[35mUser Load (0.5ms)[0m  SELECT `users`.* FROM `users`
Rendered shared/_google.html.erb (0.3ms)
  [1m[36mMeetingroom Load (0.3ms)[0m  [1mSELECT `meetingrooms`.* FROM `meetingrooms` LIMIT 1[0m
  [1m[35mCACHE (0.0ms)[0m  SELECT `info_pages`.* FROM `info_pages`
Rendered users/index.html.slim within layouts/application (99.8ms)
Completed 200 OK in 206ms (Views: 103.9ms | ActiveRecord: 3.1ms | Sphinx: 0.0ms)


Started GET "/dk/users" for 127.0.0.1 at 2012-06-12 23:22:26 +0200
  Processing by UsersController#index as HTML
  Parameters: {"locale"=>"dk"}
  [1m[36mInfoPage Load (0.4ms)[0m  [1mSELECT `info_pages`.* FROM `info_pages`[0m
  [1m[35mUser Load (0.2ms)[0m  SELECT `users`.* FROM `users` WHERE `users`.`id` = 1 LIMIT 1
  [1m[36mNewspost Load (0.2ms)[0m  [1mSELECT `newsposts`.* FROM `newsposts` WHERE `newsposts`.`internal_letter` = 1 ORDER BY created_at desc LIMIT 3 OFFSET 0[0m
  [1m[35mUser Load (0.3ms)[0m  SELECT `users`.* FROM `users` ORDER BY name asc LIMIT 40 OFFSET 0
  [1m[36mCompany Load (0.4ms)[0m  [1mSELECT `companies`.* FROM `companies` WHERE `companies`.`id` = 1 LIMIT 1[0m
  [1m[35mCompany Load (0.5ms)[0m  SELECT `companies`.* FROM `companies` WHERE `companies`.`id` = 2 LIMIT 1
  [1m[36mUser Load (0.5ms)[0m  [1mSELECT `users`.* FROM `users`[0m
Rendered shared/_google.html.erb (0.2ms)
  [1m[35mMeetingroom Load (0.3ms)[0m  SELECT `meetingrooms`.* FROM `meetingrooms` LIMIT 1
  [1m[36mCACHE (0.0ms)[0m  [1mSELECT `info_pages`.* FROM `info_pages`[0m
Rendered users/index.html.slim within layouts/application (98.8ms)
Completed 200 OK in 204ms (Views: 102.7ms | ActiveRecord: 2.8ms | Sphinx: 0.0ms)


Started GET "/dk/users" for 127.0.0.1 at 2012-06-12 23:22:52 +0200
  Processing by UsersController#index as HTML
  Parameters: {"locale"=>"dk"}
  [1m[35mInfoPage Load (0.5ms)[0m  SELECT `info_pages`.* FROM `info_pages`
  [1m[36mUser Load (0.4ms)[0m  [1mSELECT `users`.* FROM `users` WHERE `users`.`id` = 1 LIMIT 1[0m
  [1m[35mNewspost Load (0.5ms)[0m  SELECT `newsposts`.* FROM `newsposts` WHERE `newsposts`.`internal_letter` = 1 ORDER BY created_at desc LIMIT 3 OFFSET 0
  [1m[36mUser Load (0.5ms)[0m  [1mSELECT `users`.* FROM `users` ORDER BY name asc LIMIT 40 OFFSET 0[0m
  [1m[35mCompany Load (0.3ms)[0m  SELECT `companies`.* FROM `companies` WHERE `companies`.`id` = 1 LIMIT 1
  [1m[36mCompany Load (0.3ms)[0m  [1mSELECT `companies`.* FROM `companies` WHERE `companies`.`id` = 2 LIMIT 1[0m
  [1m[35mUser Load (0.3ms)[0m  SELECT `users`.* FROM `users`
Rendered shared/_google.html.erb (0.2ms)
  [1m[36mMeetingroom Load (0.2ms)[0m  [1mSELECT `meetingrooms`.* FROM `meetingrooms` LIMIT 1[0m
  [1m[35mCACHE (0.0ms)[0m  SELECT `info_pages`.* FROM `info_pages`
Rendered users/index.html.slim within layouts/application (100.4ms)
Completed 200 OK in 204ms (Views: 104.8ms | ActiveRecord: 3.1ms | Sphinx: 0.0ms)


Started GET "/dk/users" for 127.0.0.1 at 2012-06-12 23:23:19 +0200
  Processing by UsersController#index as HTML
  Parameters: {"locale"=>"dk"}
  [1m[36mInfoPage Load (0.5ms)[0m  [1mSELECT `info_pages`.* FROM `info_pages`[0m
  [1m[35mUser Load (0.4ms)[0m  SELECT `users`.* FROM `users` WHERE `users`.`id` = 1 LIMIT 1
  [1m[36mNewspost Load (0.4ms)[0m  [1mSELECT `newsposts`.* FROM `newsposts` WHERE `newsposts`.`internal_letter` = 1 ORDER BY created_at desc LIMIT 3 OFFSET 0[0m
  [1m[35mUser Load (0.4ms)[0m  SELECT `users`.* FROM `users` ORDER BY name asc LIMIT 40 OFFSET 0
  [1m[36mCompany Load (0.2ms)[0m  [1mSELECT `companies`.* FROM `companies` WHERE `companies`.`id` = 1 LIMIT 1[0m
  [1m[35mCompany Load (0.3ms)[0m  SELECT `companies`.* FROM `companies` WHERE `companies`.`id` = 2 LIMIT 1
  [1m[36mUser Load (0.3ms)[0m  [1mSELECT `users`.* FROM `users`[0m
Rendered shared/_google.html.erb (0.3ms)
  [1m[35mMeetingroom Load (0.4ms)[0m  SELECT `meetingrooms`.* FROM `meetingrooms` LIMIT 1
  [1m[36mCACHE (0.0ms)[0m  [1mSELECT `info_pages`.* FROM `info_pages`[0m
Rendered users/index.html.slim within layouts/application (105.7ms)
Completed 200 OK in 215ms (Views: 110.2ms | ActiveRecord: 2.8ms | Sphinx: 0.0ms)


Started GET "/dk/users" for 127.0.0.1 at 2012-06-12 23:24:02 +0200
  Processing by UsersController#index as HTML
  Parameters: {"locale"=>"dk"}
  [1m[35mInfoPage Load (0.5ms)[0m  SELECT `info_pages`.* FROM `info_pages`
  [1m[36mUser Load (18.8ms)[0m  [1mSELECT `users`.* FROM `users` WHERE `users`.`id` = 1 LIMIT 1[0m
  [1m[35mNewspost Load (0.2ms)[0m  SELECT `newsposts`.* FROM `newsposts` WHERE `newsposts`.`internal_letter` = 1 ORDER BY created_at desc LIMIT 3 OFFSET 0
  [1m[36mUser Load (0.4ms)[0m  [1mSELECT `users`.* FROM `users` ORDER BY name asc LIMIT 40 OFFSET 0[0m
  [1m[35mCompany Load (0.4ms)[0m  SELECT `companies`.* FROM `companies` WHERE `companies`.`id` = 1 LIMIT 1
  [1m[36mCompany Load (0.2ms)[0m  [1mSELECT `companies`.* FROM `companies` WHERE `companies`.`id` = 2 LIMIT 1[0m
  [1m[35mUser Load (0.5ms)[0m  SELECT `users`.* FROM `users`
Rendered shared/_google.html.erb (0.3ms)
  [1m[36mMeetingroom Load (0.4ms)[0m  [1mSELECT `meetingrooms`.* FROM `meetingrooms` LIMIT 1[0m
  [1m[35mCACHE (0.0ms)[0m  SELECT `info_pages`.* FROM `info_pages`
Rendered users/index.html.slim within layouts/application (100.1ms)
Completed 200 OK in 223ms (Views: 104.2ms | ActiveRecord: 21.5ms | Sphinx: 0.0ms)
